<?xml version="1.0" encoding="UTF-8"?>
<!-- Generated by org.testng.reporters.JUnitReportReporter -->
<testsuite hostname="LAPTOP-9EGIDOHA" failures="0" tests="2" name="TestRunner.testrunner$testRunner" time="0.578" errors="0" timestamp="2022-03-27T19:33:00 EDT" skipped="0">
  <testcase classname="TestRunner.testrunner$testRunner" name="feature" time="0.010"/>
  <system-out/>
  <testcase classname="TestRunner.testrunner$testRunner" name="feature" time="0.568"/>
  <system-out/>
</testsuite> <!-- TestRunner.testrunner$testRunner -->
