<?xml version="1.0" encoding="UTF-8"?>
<!-- Generated by org.testng.reporters.JUnitReportReporter -->
<testsuite hostname="LAPTOP-9EGIDOHA" failures="0" tests="1" name="TestRunner.testrunner" time="4.498" errors="0" timestamp="2022-03-27T23:04:16 EDT" skipped="0">
  <testcase classname="TestRunner.testrunner" name="feature" time="4.498"/>
  <system-out/>
</testsuite> <!-- TestRunner.testrunner -->
